<?xml version="1.0" encoding="UTF-8"?>
<testng-results ignored="0" total="5" passed="5" failed="0" skipped="0">
  <reporter-output>
  </reporter-output>
  <suite started-at="2021-08-20T19:10:13 IST" name="api_test_suite" finished-at="2021-08-20T19:10:20 IST" duration-ms="6856">
    <groups>
    </groups>
    <test started-at="2021-08-20T19:10:13 IST" name="apiTest" finished-at="2021-08-20T19:10:20 IST" duration-ms="6856">
      <class name="com.ibm.security.apitest.Update">
        <test-method signature="SEARCHesponse()[pri:0, instance:com.ibm.security.apitest.Update@1a4013]" started-at="2021-08-20T19:10:13 IST" name="SEARCHesponse" finished-at="2021-08-20T19:10:20 IST" duration-ms="6824" status="PASS">
          <reporter-output>
          </reporter-output>
        </test-method> <!-- SEARCHesponse -->
      </class> <!-- com.ibm.security.apitest.Update -->
      <class name="com.ibm.security.apitest.Reputation">
        <test-method signature="REPUTATIONResponse()[pri:0, instance:com.ibm.security.apitest.Reputation@1cbb87f3]" started-at="2021-08-20T19:10:13 IST" name="REPUTATIONResponse" finished-at="2021-08-20T19:10:19 IST" duration-ms="6486" status="PASS">
          <reporter-output>
          </reporter-output>
        </test-method> <!-- REPUTATIONResponse -->
      </class> <!-- com.ibm.security.apitest.Reputation -->
      <class name="com.ibm.security.apitest.Guixml">
        <test-method signature="guiXMLResponse()[pri:0, instance:com.ibm.security.apitest.Guixml@69e1dd28]" started-at="2021-08-20T19:10:13 IST" name="guiXMLResponse" finished-at="2021-08-20T19:10:19 IST" duration-ms="5841" status="PASS">
          <reporter-output>
          </reporter-output>
        </test-method> <!-- guiXMLResponse -->
      </class> <!-- com.ibm.security.apitest.Guixml -->
      <class name="com.ibm.security.apitest.Instrxml">
        <test-method signature="INSTRXMLResponse()[pri:0, instance:com.ibm.security.apitest.Instrxml@31e5415e]" started-at="2021-08-20T19:10:13 IST" name="INSTRXMLResponse" finished-at="2021-08-20T19:10:19 IST" duration-ms="6453" status="PASS">
          <reporter-output>
          </reporter-output>
        </test-method> <!-- INSTRXMLResponse -->
      </class> <!-- com.ibm.security.apitest.Instrxml -->
      <class name="com.ibm.security.apitest.Search">
        <test-method signature="SEARCHesponse()[pri:0, instance:com.ibm.security.apitest.Search@a2431d0]" started-at="2021-08-20T19:10:13 IST" name="SEARCHesponse" finished-at="2021-08-20T19:10:19 IST" duration-ms="5933" status="PASS">
          <reporter-output>
          </reporter-output>
        </test-method> <!-- SEARCHesponse -->
      </class> <!-- com.ibm.security.apitest.Search -->
    </test> <!-- apiTest -->
  </suite> <!-- api_test_suite -->
</testng-results>
