<?xml version="1.0" encoding="UTF-8"?>
<!-- Generated by org.testng.reporters.JUnitXMLReporter -->
<testsuite ignored="0" hostname="LP-C02D12ZLMD6N" failures="0" tests="5" name="apiTest" time="6.856" errors="0" timestamp="2021-08-20T19:10:20 IST">
  <testcase classname="com.ibm.security.apitest.Guixml" name="guiXMLResponse" time="5.841"/>
  <testcase classname="com.ibm.security.apitest.Search" name="SEARCHesponse" time="5.933"/>
  <testcase classname="com.ibm.security.apitest.Instrxml" name="INSTRXMLResponse" time="6.453"/>
  <testcase classname="com.ibm.security.apitest.Reputation" name="REPUTATIONResponse" time="6.486"/>
  <testcase classname="com.ibm.security.apitest.Update" name="SEARCHesponse" time="6.824"/>
</testsuite> <!-- apiTest -->
